/usr/bin/ruby2.1 extconf.rb 
checking for ffi_call() in -lffi... yes
checking for ffi_prep_closure()... yes
checking for ffi_raw_call()... yes
checking for ffi_prep_raw_closure()... yes
checking for rb_thread_blocking_region()... yes
checking for rb_thread_call_with_gvl()... yes
checking for rb_thread_call_without_gvl()... yes
checking for ffi_prep_cif_var()... yes
creating extconf.h
creating Makefile

make "DESTDIR=" clean

make "DESTDIR="
compiling Buffer.c
compiling ClosurePool.c
compiling Struct.c
compiling Pointer.c
compiling Platform.c
compiling DataConverter.c
compiling StructLayout.c
compiling FunctionInfo.c
compiling Thread.c
compiling MemoryPointer.c
compiling ffi.c
compiling ArrayType.c
compiling Type.c
compiling MappedType.c
compiling DynamicLibrary.c
compiling StructByValue.c
compiling LastError.c
compiling Variadic.c
compiling MethodHandle.c
compiling StructByReference.c
compiling Function.c
compiling AbstractMemory.c
compiling Call.c
compiling Types.c
compiling LongDouble.c
linking shared-object ffi_c.so

make "DESTDIR=" install
/usr/bin/install -c -m 0755 ffi_c.so ./.gem.20151129-17212-1wct0mt
installing default ffi_c libraries
